Using pre-set license
Built from '2020.3/staging' branch; Version is '2020.3.3f1 (76626098c1c4) revision 7758432'; Using compiler version '192528614'; Build Type 'Release'
OS: 'Windows 10 Home; OS build 19042.1237; Version 2009; 64bit' Language: 'en' Physical Memory: 16226 MB
BatchMode: 1, IsHumanControllingUs: 0, StartBugReporterOnCrash: 0, Is64bit: 1, IsPro: 0

 COMMAND LINE ARGUMENTS:
C:\Program Files\Unity\Hub\Editor\2020.3.3f1\Editor\Unity.exe
-adb2
-batchMode
-noUpm
-name
AssetImportWorker0
-projectPath
D:/Bart/Documents/Documenten/UnityProjects/Rapid Prototyping Week 2
-logFile
Logs/AssetImportWorker0.log
-srvPort
64315
Successfully changed project path to: D:/Bart/Documents/Documenten/UnityProjects/Rapid Prototyping Week 2
D:/Bart/Documents/Documenten/UnityProjects/Rapid Prototyping Week 2
Using Asset Import Pipeline V2.
Refreshing native plugins compatible for Editor in 30.31 ms, found 0 plugins.
Preloading 0 native plugins for Editor in 0.00 ms.
Initialize engine version: 2020.3.3f1 (76626098c1c4)
[Subsystems] Discovering subsystems at path C:/Program Files/Unity/Hub/Editor/2020.3.3f1/Editor/Data/Resources/UnitySubsystems
[Subsystems] Discovering subsystems at path D:/Bart/Documents/Documenten/UnityProjects/Rapid Prototyping Week 2/Assets
GfxDevice: creating device client; threaded=0
Direct3D:
    Version:  Direct3D 11.0 [level 11.1]
    Renderer: NVIDIA GeForce GTX 1050 (ID=0x1c8d)
    Vendor:   
    VRAM:     4019 MB
    Driver:   27.21.14.6663
Initialize mono
Mono path[0] = 'C:/Program Files/Unity/Hub/Editor/2020.3.3f1/Editor/Data/Managed'
Mono path[1] = 'C:/Program Files/Unity/Hub/Editor/2020.3.3f1/Editor/Data/MonoBleedingEdge/lib/mono/unityjit'
Mono config path = 'C:/Program Files/Unity/Hub/Editor/2020.3.3f1/Editor/Data/MonoBleedingEdge/etc'
Using monoOptions --debugger-agent=transport=dt_socket,embedding=1,server=y,suspend=n,address=127.0.0.1:56764
Begin MonoManager ReloadAssembly
Registering precompiled unity dll's ...
Register platform support module: C:/Program Files/Unity/Hub/Editor/2020.3.3f1/Editor/Data/PlaybackEngines/WebGLSupport/UnityEditor.WebGL.Extensions.dll
Register platform support module: C:/Program Files/Unity/Hub/Editor/2020.3.3f1/Editor/Data/PlaybackEngines/WindowsStandaloneSupport/UnityEditor.WindowsStandalone.Extensions.dll
Registered in 0.002669 seconds.
Native extension for WindowsStandalone target not found
Native extension for WebGL target not found
Refreshing native plugins compatible for Editor in 35.47 ms, found 0 plugins.
Preloading 0 native plugins for Editor in 0.00 ms.
Invoked RoslynAnalysisRunner static constructor.
RoslynAnalysisRunner will not be running.
RoslynAnalysisRunner has terminated.
Mono: successfully reloaded assembly
- Completed reload, in  1.370 seconds
Platform modules already initialized, skipping
Registering precompiled user dll's ...
Registered in 0.001051 seconds.
Begin MonoManager ReloadAssembly
Native extension for WindowsStandalone target not found
Native extension for WebGL target not found
Refreshing native plugins compatible for Editor in 0.23 ms, found 0 plugins.
Preloading 0 native plugins for Editor in 0.00 ms.
Invoked RoslynAnalysisRunner static constructor.
RoslynAnalysisRunner will not be running.
RoslynAnalysisRunner has terminated.
Mono: successfully reloaded assembly
- Completed reload, in  0.929 seconds
Platform modules already initialized, skipping
========================================================================
Worker process is ready to serve import requests
Launched and connected shader compiler UnityShaderCompiler.exe after 0.04 seconds
Refreshing native plugins compatible for Editor in 0.24 ms, found 0 plugins.
Preloading 0 native plugins for Editor in 0.00 ms.
Unloading 1244 Unused Serialized files (Serialized files now loaded: 0)
System memory in use before: 66.3 MB.
System memory in use after: 66.3 MB.

Unloading 10 unused Assets to reduce memory usage. Loaded Objects now: 1688.
Total: 1.663300 ms (FindLiveObjects: 0.128900 ms CreateObjectMapping: 0.042000 ms MarkObjects: 1.422800 ms  DeleteObjects: 0.068600 ms)

========================================================================
Received Import Request.
  path: Assets/Scripts/Goal.cs
  artifactKey: Guid(1b736a869dea9a34ebea685e3f661d7a) Importer(815301076,1909f56bfc062723c751e8b465ee728b)
Start importing Assets/Scripts/Goal.cs using Guid(1b736a869dea9a34ebea685e3f661d7a) Importer(815301076,1909f56bfc062723c751e8b465ee728b)  -> (artifact id: '1a47db71113736a00222201bd85de475') in 0.034654 seconds
  Import took 0.036635 seconds .

========================================================================
Received Prepare
Registering precompiled user dll's ...
Registered in 0.000723 seconds.
Begin MonoManager ReloadAssembly
Native extension for WindowsStandalone target not found
Native extension for WebGL target not found
Refreshing native plugins compatible for Editor in 0.21 ms, found 0 plugins.
Preloading 0 native plugins for Editor in 0.00 ms.
Invoked RoslynAnalysisRunner static constructor.
RoslynAnalysisRunner will not be running.
RoslynAnalysisRunner has terminated.
Mono: successfully reloaded assembly
- Completed reload, in  0.821 seconds
Platform modules already initialized, skipping
Refreshing native plugins compatible for Editor in 0.22 ms, found 0 plugins.
Preloading 0 native plugins for Editor in 0.00 ms.
Unloading 1212 Unused Serialized files (Serialized files now loaded: 0)
System memory in use before: 63.6 MB.
System memory in use after: 63.6 MB.

Unloading 5 unused Assets to reduce memory usage. Loaded Objects now: 1691.
Total: 2.270500 ms (FindLiveObjects: 0.131900 ms CreateObjectMapping: 0.040600 ms MarkObjects: 2.051100 ms  DeleteObjects: 0.045500 ms)

========================================================================
Received Prepare
Registering precompiled user dll's ...
Registered in 0.000732 seconds.
Begin MonoManager ReloadAssembly
Native extension for WindowsStandalone target not found
Native extension for WebGL target not found
Refreshing native plugins compatible for Editor in 0.28 ms, found 0 plugins.
Preloading 0 native plugins for Editor in 0.00 ms.
Invoked RoslynAnalysisRunner static constructor.
RoslynAnalysisRunner will not be running.
RoslynAnalysisRunner has terminated.
Mono: successfully reloaded assembly
- Completed reload, in  1.057 seconds
Platform modules already initialized, skipping
Refreshing native plugins compatible for Editor in 0.38 ms, found 0 plugins.
Preloading 0 native plugins for Editor in 0.00 ms.
Unloading 1212 Unused Serialized files (Serialized files now loaded: 0)
System memory in use before: 63.6 MB.
System memory in use after: 63.7 MB.

Unloading 5 unused Assets to reduce memory usage. Loaded Objects now: 1694.
Total: 2.193000 ms (FindLiveObjects: 0.285700 ms CreateObjectMapping: 0.116100 ms MarkObjects: 1.740300 ms  DeleteObjects: 0.049400 ms)

========================================================================
Received Import Request.
  Time since last request: 283.431744 seconds.
  path: Assets/Prefabs/TurningPoint.prefab
  artifactKey: Guid(4f2269e7cf4837245939516a306676c6) Importer(815301076,1909f56bfc062723c751e8b465ee728b)
Start importing Assets/Prefabs/TurningPoint.prefab using Guid(4f2269e7cf4837245939516a306676c6) Importer(815301076,1909f56bfc062723c751e8b465ee728b)  -> (artifact id: '19d94ff67b8ba27c2f216e5d6491fbb4') in 0.111799 seconds
  Import took 0.116065 seconds .

========================================================================
Received Prepare
Registering precompiled user dll's ...
Registered in 0.000998 seconds.
Begin MonoManager ReloadAssembly
Native extension for WindowsStandalone target not found
Native extension for WebGL target not found
Refreshing native plugins compatible for Editor in 0.21 ms, found 0 plugins.
Preloading 0 native plugins for Editor in 0.00 ms.
Invoked RoslynAnalysisRunner static constructor.
RoslynAnalysisRunner will not be running.
RoslynAnalysisRunner has terminated.
Mono: successfully reloaded assembly
- Completed reload, in  0.787 seconds
Platform modules already initialized, skipping
Refreshing native plugins compatible for Editor in 0.21 ms, found 0 plugins.
Preloading 0 native plugins for Editor in 0.00 ms.
Unloading 1212 Unused Serialized files (Serialized files now loaded: 0)
System memory in use before: 66.7 MB.
System memory in use after: 66.8 MB.

Unloading 5 unused Assets to reduce memory usage. Loaded Objects now: 1705.
Total: 1.515100 ms (FindLiveObjects: 0.146000 ms CreateObjectMapping: 0.035400 ms MarkObjects: 1.292700 ms  DeleteObjects: 0.040300 ms)

========================================================================
Received Prepare
Registering precompiled user dll's ...
Registered in 0.000618 seconds.
Begin MonoManager ReloadAssembly
Native extension for WindowsStandalone target not found
Native extension for WebGL target not found
Refreshing native plugins compatible for Editor in 0.21 ms, found 0 plugins.
Preloading 0 native plugins for Editor in 0.00 ms.
Invoked RoslynAnalysisRunner static constructor.
RoslynAnalysisRunner will not be running.
RoslynAnalysisRunner has terminated.
Mono: successfully reloaded assembly
- Completed reload, in  0.768 seconds
Platform modules already initialized, skipping
Refreshing native plugins compatible for Editor in 0.21 ms, found 0 plugins.
Preloading 0 native plugins for Editor in 0.00 ms.
Unloading 1212 Unused Serialized files (Serialized files now loaded: 0)
System memory in use before: 66.7 MB.
System memory in use after: 66.8 MB.

Unloading 5 unused Assets to reduce memory usage. Loaded Objects now: 1708.
Total: 3.646100 ms (FindLiveObjects: 0.204600 ms CreateObjectMapping: 0.060500 ms MarkObjects: 3.233500 ms  DeleteObjects: 0.144800 ms)

========================================================================
Received Import Request.
  Time since last request: 39.975869 seconds.
  path: Assets/Prefabs/TurningPoint 1.prefab
  artifactKey: Guid(bc27cf447ea69174bbda270e2be5db99) Importer(815301076,1909f56bfc062723c751e8b465ee728b)
Start importing Assets/Prefabs/TurningPoint 1.prefab using Guid(bc27cf447ea69174bbda270e2be5db99) Importer(815301076,1909f56bfc062723c751e8b465ee728b)  -> (artifact id: 'e04d2d7a4f11c3d7f8abb75ea4c78258') in 0.059721 seconds
  Import took 0.062059 seconds .

========================================================================
Received Prepare
Registering precompiled user dll's ...
Registered in 0.000651 seconds.
Begin MonoManager ReloadAssembly
Native extension for WindowsStandalone target not found
Native extension for WebGL target not found
Refreshing native plugins compatible for Editor in 0.22 ms, found 0 plugins.
Preloading 0 native plugins for Editor in 0.00 ms.
Invoked RoslynAnalysisRunner static constructor.
RoslynAnalysisRunner will not be running.
RoslynAnalysisRunner has terminated.
Mono: successfully reloaded assembly
- Completed reload, in  0.783 seconds
Platform modules already initialized, skipping
Refreshing native plugins compatible for Editor in 0.31 ms, found 0 plugins.
Preloading 0 native plugins for Editor in 0.00 ms.
Unloading 1212 Unused Serialized files (Serialized files now loaded: 0)
System memory in use before: 66.8 MB.
System memory in use after: 66.8 MB.

Unloading 5 unused Assets to reduce memory usage. Loaded Objects now: 1712.
Total: 2.865100 ms (FindLiveObjects: 0.212500 ms CreateObjectMapping: 0.071700 ms MarkObjects: 2.524200 ms  DeleteObjects: 0.054900 ms)

========================================================================
Received Import Request.
  Time since last request: 282.644196 seconds.
  path: Assets/Scenes/SecondScene.unity
  artifactKey: Guid(ad2553af0181e51489952d572f7f9896) Importer(815301076,1909f56bfc062723c751e8b465ee728b)
Start importing Assets/Scenes/SecondScene.unity using Guid(ad2553af0181e51489952d572f7f9896) Importer(815301076,1909f56bfc062723c751e8b465ee728b)  -> (artifact id: '673e59bb629f49e4426e6445b0951a99') in 0.019717 seconds
  Import took 0.022860 seconds .

========================================================================
Received Prepare
Registering precompiled user dll's ...
Registered in 0.000681 seconds.
Begin MonoManager ReloadAssembly
Native extension for WindowsStandalone target not found
Native extension for WebGL target not found
Refreshing native plugins compatible for Editor in 0.26 ms, found 0 plugins.
Preloading 0 native plugins for Editor in 0.00 ms.
Invoked RoslynAnalysisRunner static constructor.
RoslynAnalysisRunner will not be running.
RoslynAnalysisRunner has terminated.
Mono: successfully reloaded assembly
- Completed reload, in  0.841 seconds
Platform modules already initialized, skipping
Refreshing native plugins compatible for Editor in 0.22 ms, found 0 plugins.
Preloading 0 native plugins for Editor in 0.00 ms.
Unloading 1212 Unused Serialized files (Serialized files now loaded: 0)
System memory in use before: 66.8 MB.
System memory in use after: 66.9 MB.

Unloading 5 unused Assets to reduce memory usage. Loaded Objects now: 1715.
Total: 2.380100 ms (FindLiveObjects: 0.584000 ms CreateObjectMapping: 0.119600 ms MarkObjects: 1.623900 ms  DeleteObjects: 0.050000 ms)

========================================================================
Received Prepare
Registering precompiled user dll's ...
Registered in 0.000623 seconds.
Begin MonoManager ReloadAssembly
Native extension for WindowsStandalone target not found
Native extension for WebGL target not found
Refreshing native plugins compatible for Editor in 0.21 ms, found 0 plugins.
Preloading 0 native plugins for Editor in 0.00 ms.
Invoked RoslynAnalysisRunner static constructor.
RoslynAnalysisRunner will not be running.
RoslynAnalysisRunner has terminated.
Mono: successfully reloaded assembly
- Completed reload, in  0.802 seconds
Platform modules already initialized, skipping
Refreshing native plugins compatible for Editor in 0.26 ms, found 0 plugins.
Preloading 0 native plugins for Editor in 0.00 ms.
Unloading 1212 Unused Serialized files (Serialized files now loaded: 0)
System memory in use before: 66.8 MB.
System memory in use after: 66.9 MB.

Unloading 5 unused Assets to reduce memory usage. Loaded Objects now: 1718.
Total: 2.224100 ms (FindLiveObjects: 0.366600 ms CreateObjectMapping: 0.181700 ms MarkObjects: 1.620500 ms  DeleteObjects: 0.054000 ms)

========================================================================
Received Prepare
Registering precompiled user dll's ...
Registered in 0.001009 seconds.
Begin MonoManager ReloadAssembly
Native extension for WindowsStandalone target not found
Native extension for WebGL target not found
Refreshing native plugins compatible for Editor in 0.24 ms, found 0 plugins.
Preloading 0 native plugins for Editor in 0.00 ms.
Invoked RoslynAnalysisRunner static constructor.
RoslynAnalysisRunner will not be running.
RoslynAnalysisRunner has terminated.
Mono: successfully reloaded assembly
- Completed reload, in  0.882 seconds
Platform modules already initialized, skipping
Refreshing native plugins compatible for Editor in 0.26 ms, found 0 plugins.
Preloading 0 native plugins for Editor in 0.00 ms.
Unloading 1212 Unused Serialized files (Serialized files now loaded: 0)
System memory in use before: 66.8 MB.
System memory in use after: 66.9 MB.

Unloading 5 unused Assets to reduce memory usage. Loaded Objects now: 1721.
Total: 2.335400 ms (FindLiveObjects: 0.135800 ms CreateObjectMapping: 0.050500 ms MarkObjects: 2.097700 ms  DeleteObjects: 0.050300 ms)

========================================================================
Received Import Request.
  Time since last request: 314.445514 seconds.
  path: Assets/Animation/turning platform.anim
  artifactKey: Guid(2b0683ff9dd84d445be72ff96a84cb57) Importer(815301076,1909f56bfc062723c751e8b465ee728b)
Start importing Assets/Animation/turning platform.anim using Guid(2b0683ff9dd84d445be72ff96a84cb57) Importer(815301076,1909f56bfc062723c751e8b465ee728b)  -> (artifact id: '19862f7a468314be8dfe7a9bf1e05147') in 0.021500 seconds
  Import took 0.024151 seconds .

========================================================================
Received Prepare
Registering precompiled user dll's ...
Registered in 0.000673 seconds.
Begin MonoManager ReloadAssembly
Native extension for WindowsStandalone target not found
Native extension for WebGL target not found
Refreshing native plugins compatible for Editor in 0.21 ms, found 0 plugins.
Preloading 0 native plugins for Editor in 0.00 ms.
Invoked RoslynAnalysisRunner static constructor.
RoslynAnalysisRunner will not be running.
RoslynAnalysisRunner has terminated.
Mono: successfully reloaded assembly
- Completed reload, in  0.792 seconds
Platform modules already initialized, skipping
Refreshing native plugins compatible for Editor in 0.32 ms, found 0 plugins.
Preloading 0 native plugins for Editor in 0.00 ms.
Unloading 1212 Unused Serialized files (Serialized files now loaded: 0)
System memory in use before: 66.8 MB.
System memory in use after: 66.9 MB.

Unloading 5 unused Assets to reduce memory usage. Loaded Objects now: 1724.
Total: 1.549100 ms (FindLiveObjects: 0.149800 ms CreateObjectMapping: 0.037300 ms MarkObjects: 1.317600 ms  DeleteObjects: 0.043200 ms)

========================================================================
Received Prepare
Registering precompiled user dll's ...
Registered in 0.000659 seconds.
Begin MonoManager ReloadAssembly
Native extension for WindowsStandalone target not found
Native extension for WebGL target not found
Refreshing native plugins compatible for Editor in 0.26 ms, found 0 plugins.
Preloading 0 native plugins for Editor in 0.00 ms.
Invoked RoslynAnalysisRunner static constructor.
RoslynAnalysisRunner will not be running.
RoslynAnalysisRunner has terminated.
Mono: successfully reloaded assembly
- Completed reload, in  0.770 seconds
Platform modules already initialized, skipping
Refreshing native plugins compatible for Editor in 0.21 ms, found 0 plugins.
Preloading 0 native plugins for Editor in 0.00 ms.
Unloading 1212 Unused Serialized files (Serialized files now loaded: 0)
System memory in use before: 66.8 MB.
System memory in use after: 66.9 MB.

Unloading 5 unused Assets to reduce memory usage. Loaded Objects now: 1727.
Total: 1.715100 ms (FindLiveObjects: 0.233500 ms CreateObjectMapping: 0.052100 ms MarkObjects: 1.374600 ms  DeleteObjects: 0.053900 ms)

========================================================================
Received Prepare
Registering precompiled user dll's ...
Registered in 0.001412 seconds.
Begin MonoManager ReloadAssembly
Native extension for WindowsStandalone target not found
Native extension for WebGL target not found
Refreshing native plugins compatible for Editor in 0.21 ms, found 0 plugins.
Preloading 0 native plugins for Editor in 0.00 ms.
Invoked RoslynAnalysisRunner static constructor.
RoslynAnalysisRunner will not be running.
RoslynAnalysisRunner has terminated.
Mono: successfully reloaded assembly
- Completed reload, in  0.816 seconds
Platform modules already initialized, skipping
Refreshing native plugins compatible for Editor in 0.21 ms, found 0 plugins.
Preloading 0 native plugins for Editor in 0.00 ms.
Unloading 1212 Unused Serialized files (Serialized files now loaded: 0)
System memory in use before: 66.8 MB.
System memory in use after: 66.9 MB.

Unloading 5 unused Assets to reduce memory usage. Loaded Objects now: 1730.
Total: 2.957500 ms (FindLiveObjects: 0.284300 ms CreateObjectMapping: 0.107000 ms MarkObjects: 2.513100 ms  DeleteObjects: 0.048600 ms)

========================================================================
Received Prepare
Registering precompiled user dll's ...
Registered in 0.000614 seconds.
Begin MonoManager ReloadAssembly
Native extension for WindowsStandalone target not found
Native extension for WebGL target not found
Refreshing native plugins compatible for Editor in 0.32 ms, found 0 plugins.
Preloading 0 native plugins for Editor in 0.00 ms.
Invoked RoslynAnalysisRunner static constructor.
RoslynAnalysisRunner will not be running.
RoslynAnalysisRunner has terminated.
Mono: successfully reloaded assembly
- Completed reload, in  0.835 seconds
Platform modules already initialized, skipping
Refreshing native plugins compatible for Editor in 0.21 ms, found 0 plugins.
Preloading 0 native plugins for Editor in 0.00 ms.
Unloading 1212 Unused Serialized files (Serialized files now loaded: 0)
System memory in use before: 66.8 MB.
System memory in use after: 66.9 MB.

Unloading 5 unused Assets to reduce memory usage. Loaded Objects now: 1733.
Total: 1.742700 ms (FindLiveObjects: 0.178000 ms CreateObjectMapping: 0.055000 ms MarkObjects: 1.452200 ms  DeleteObjects: 0.056000 ms)

========================================================================
Received Prepare
Registering precompiled user dll's ...
Registered in 0.000660 seconds.
Begin MonoManager ReloadAssembly
Native extension for WindowsStandalone target not found
Native extension for WebGL target not found
Refreshing native plugins compatible for Editor in 0.23 ms, found 0 plugins.
Preloading 0 native plugins for Editor in 0.00 ms.
Invoked RoslynAnalysisRunner static constructor.
RoslynAnalysisRunner will not be running.
RoslynAnalysisRunner has terminated.
Mono: successfully reloaded assembly
- Completed reload, in  0.788 seconds
Platform modules already initialized, skipping
Refreshing native plugins compatible for Editor in 0.24 ms, found 0 plugins.
Preloading 0 native plugins for Editor in 0.00 ms.
Unloading 1212 Unused Serialized files (Serialized files now loaded: 0)
System memory in use before: 66.8 MB.
System memory in use after: 66.9 MB.

Unloading 5 unused Assets to reduce memory usage. Loaded Objects now: 1736.
Total: 1.508800 ms (FindLiveObjects: 0.129900 ms CreateObjectMapping: 0.040400 ms MarkObjects: 1.294000 ms  DeleteObjects: 0.043600 ms)

========================================================================
Received Import Request.
  Time since last request: 1237.730941 seconds.
  path: Assets/Scenes/FirstScene.unity
  artifactKey: Guid(ed12cb390e9683943a202724fa03dad2) Importer(815301076,1909f56bfc062723c751e8b465ee728b)
Start importing Assets/Scenes/FirstScene.unity using Guid(ed12cb390e9683943a202724fa03dad2) Importer(815301076,1909f56bfc062723c751e8b465ee728b)  -> (artifact id: '664fce9a845f322b19844691a8dec34e') in 0.024555 seconds
  Import took 0.028087 seconds .

========================================================================
Received Prepare
Registering precompiled user dll's ...
Registered in 0.000794 seconds.
Begin MonoManager ReloadAssembly
Native extension for WindowsStandalone target not found
Native extension for WebGL target not found
Refreshing native plugins compatible for Editor in 0.57 ms, found 0 plugins.
Preloading 0 native plugins for Editor in 0.00 ms.
Invoked RoslynAnalysisRunner static constructor.
RoslynAnalysisRunner will not be running.
RoslynAnalysisRunner has terminated.
Mono: successfully reloaded assembly
- Completed reload, in  1.192 seconds
Platform modules already initialized, skipping
Refreshing native plugins compatible for Editor in 0.27 ms, found 0 plugins.
Preloading 0 native plugins for Editor in 0.00 ms.
Unloading 1212 Unused Serialized files (Serialized files now loaded: 0)
System memory in use before: 66.8 MB.
System memory in use after: 66.9 MB.

Unloading 5 unused Assets to reduce memory usage. Loaded Objects now: 1739.
Total: 3.038600 ms (FindLiveObjects: 0.290300 ms CreateObjectMapping: 0.189800 ms MarkObjects: 2.478900 ms  DeleteObjects: 0.078100 ms)

========================================================================
Received Import Request.
  Time since last request: 324.193507 seconds.
  path: Assets/Scenes/FirstScene.unity
  artifactKey: Guid(ed12cb390e9683943a202724fa03dad2) Importer(815301076,1909f56bfc062723c751e8b465ee728b)
Start importing Assets/Scenes/FirstScene.unity using Guid(ed12cb390e9683943a202724fa03dad2) Importer(815301076,1909f56bfc062723c751e8b465ee728b)  -> (artifact id: '8eec3fa89d014690bd6cc013a31dc999') in 0.026407 seconds
  Import took 0.029737 seconds .

========================================================================
Received Import Request.
  Time since last request: 12.044066 seconds.
  path: Assets/Scenes/SecondScene.unity
  artifactKey: Guid(ad2553af0181e51489952d572f7f9896) Importer(815301076,1909f56bfc062723c751e8b465ee728b)
Start importing Assets/Scenes/SecondScene.unity using Guid(ad2553af0181e51489952d572f7f9896) Importer(815301076,1909f56bfc062723c751e8b465ee728b)  -> (artifact id: '5cefbe2182727ee8a16f6490337aa63e') in 0.015091 seconds
  Import took 0.019563 seconds .

========================================================================
Received Prepare
Registering precompiled user dll's ...
Registered in 0.000672 seconds.
Begin MonoManager ReloadAssembly
Native extension for WindowsStandalone target not found
Native extension for WebGL target not found
Refreshing native plugins compatible for Editor in 0.21 ms, found 0 plugins.
Preloading 0 native plugins for Editor in 0.00 ms.
Invoked RoslynAnalysisRunner static constructor.
RoslynAnalysisRunner will not be running.
RoslynAnalysisRunner has terminated.
Mono: successfully reloaded assembly
- Completed reload, in  0.931 seconds
Platform modules already initialized, skipping
Refreshing native plugins compatible for Editor in 0.26 ms, found 0 plugins.
Preloading 0 native plugins for Editor in 0.00 ms.
Unloading 1212 Unused Serialized files (Serialized files now loaded: 0)
System memory in use before: 66.8 MB.
System memory in use after: 66.9 MB.

Unloading 5 unused Assets to reduce memory usage. Loaded Objects now: 1742.
Total: 2.082500 ms (FindLiveObjects: 0.323900 ms CreateObjectMapping: 0.069500 ms MarkObjects: 1.628600 ms  DeleteObjects: 0.059200 ms)

========================================================================
Received Prepare
Registering precompiled user dll's ...
Registered in 0.000660 seconds.
Begin MonoManager ReloadAssembly
Native extension for WindowsStandalone target not found
Native extension for WebGL target not found
Refreshing native plugins compatible for Editor in 0.55 ms, found 0 plugins.
Preloading 0 native plugins for Editor in 0.00 ms.
Invoked RoslynAnalysisRunner static constructor.
RoslynAnalysisRunner will not be running.
RoslynAnalysisRunner has terminated.
Mono: successfully reloaded assembly
- Completed reload, in  0.929 seconds
Platform modules already initialized, skipping
Refreshing native plugins compatible for Editor in 0.21 ms, found 0 plugins.
Preloading 0 native plugins for Editor in 0.00 ms.
Unloading 1212 Unused Serialized files (Serialized files now loaded: 0)
System memory in use before: 66.9 MB.
System memory in use after: 66.9 MB.

Unloading 5 unused Assets to reduce memory usage. Loaded Objects now: 1745.
Total: 1.777900 ms (FindLiveObjects: 0.156800 ms CreateObjectMapping: 0.039100 ms MarkObjects: 1.526800 ms  DeleteObjects: 0.054000 ms)

========================================================================
Received Prepare
Registering precompiled user dll's ...
Registered in 0.000790 seconds.
Begin MonoManager ReloadAssembly
Native extension for WindowsStandalone target not found
Native extension for WebGL target not found
Refreshing native plugins compatible for Editor in 0.34 ms, found 0 plugins.
Preloading 0 native plugins for Editor in 0.00 ms.
Invoked RoslynAnalysisRunner static constructor.
RoslynAnalysisRunner will not be running.
RoslynAnalysisRunner has terminated.
Mono: successfully reloaded assembly
- Completed reload, in  0.918 seconds
Platform modules already initialized, skipping
Refreshing native plugins compatible for Editor in 0.24 ms, found 0 plugins.
Preloading 0 native plugins for Editor in 0.00 ms.
Unloading 1212 Unused Serialized files (Serialized files now loaded: 0)
System memory in use before: 66.9 MB.
System memory in use after: 66.9 MB.

Unloading 5 unused Assets to reduce memory usage. Loaded Objects now: 1748.
Total: 1.808900 ms (FindLiveObjects: 0.205100 ms CreateObjectMapping: 0.058600 ms MarkObjects: 1.496700 ms  DeleteObjects: 0.047300 ms)

========================================================================
Received Prepare
Registering precompiled user dll's ...
Registered in 0.001024 seconds.
Begin MonoManager ReloadAssembly
Native extension for WindowsStandalone target not found
Native extension for WebGL target not found
Refreshing native plugins compatible for Editor in 0.21 ms, found 0 plugins.
Preloading 0 native plugins for Editor in 0.00 ms.
Invoked RoslynAnalysisRunner static constructor.
RoslynAnalysisRunner will not be running.
RoslynAnalysisRunner has terminated.
Mono: successfully reloaded assembly
- Completed reload, in  0.938 seconds
Platform modules already initialized, skipping
Refreshing native plugins compatible for Editor in 0.21 ms, found 0 plugins.
Preloading 0 native plugins for Editor in 0.00 ms.
Unloading 1212 Unused Serialized files (Serialized files now loaded: 0)
System memory in use before: 66.9 MB.
System memory in use after: 66.9 MB.

Unloading 5 unused Assets to reduce memory usage. Loaded Objects now: 1751.
Total: 3.301600 ms (FindLiveObjects: 0.279800 ms CreateObjectMapping: 0.092000 ms MarkObjects: 2.850800 ms  DeleteObjects: 0.076600 ms)

========================================================================
Received Import Request.
  Time since last request: 802.542190 seconds.
  path: Assets/Scenes/SecondScene.unity
  artifactKey: Guid(ad2553af0181e51489952d572f7f9896) Importer(815301076,1909f56bfc062723c751e8b465ee728b)
Start importing Assets/Scenes/SecondScene.unity using Guid(ad2553af0181e51489952d572f7f9896) Importer(815301076,1909f56bfc062723c751e8b465ee728b)  -> (artifact id: '3180e701957f5b7513ae8f19fe894cc1') in 0.011895 seconds
  Import took 0.013966 seconds .

========================================================================
Received Import Request.
  Time since last request: 0.005807 seconds.
  path: Assets/Scenes/SecondScene.unity
  artifactKey: Guid(ad2553af0181e51489952d572f7f9896) Importer(815301076,1909f56bfc062723c751e8b465ee728b)
Start importing Assets/Scenes/SecondScene.unity using Guid(ad2553af0181e51489952d572f7f9896) Importer(815301076,1909f56bfc062723c751e8b465ee728b)  -> (artifact id: '3180e701957f5b7513ae8f19fe894cc1') in 0.004464 seconds
  Import took 0.006444 seconds .

========================================================================
Received Import Request.
  Time since last request: 2.501528 seconds.
  path: Assets/Scenes/FirstScene.unity
  artifactKey: Guid(ed12cb390e9683943a202724fa03dad2) Importer(815301076,1909f56bfc062723c751e8b465ee728b)
Start importing Assets/Scenes/FirstScene.unity using Guid(ed12cb390e9683943a202724fa03dad2) Importer(815301076,1909f56bfc062723c751e8b465ee728b)  -> (artifact id: '559465740d4bd9dc1c6c72dbce2d46a7') in 0.004100 seconds
  Import took 0.007015 seconds .

========================================================================
Received Prepare
Registering precompiled user dll's ...
Registered in 0.001255 seconds.
Begin MonoManager ReloadAssembly
Native extension for WindowsStandalone target not found
Native extension for WebGL target not found
Refreshing native plugins compatible for Editor in 0.23 ms, found 0 plugins.
Preloading 0 native plugins for Editor in 0.00 ms.
Invoked RoslynAnalysisRunner static constructor.
RoslynAnalysisRunner will not be running.
RoslynAnalysisRunner has terminated.
Mono: successfully reloaded assembly
- Completed reload, in  0.897 seconds
Platform modules already initialized, skipping
Refreshing native plugins compatible for Editor in 0.21 ms, found 0 plugins.
Preloading 0 native plugins for Editor in 0.00 ms.
Unloading 1212 Unused Serialized files (Serialized files now loaded: 0)
System memory in use before: 66.9 MB.
System memory in use after: 67.0 MB.

Unloading 5 unused Assets to reduce memory usage. Loaded Objects now: 1754.
Total: 1.956200 ms (FindLiveObjects: 0.280400 ms CreateObjectMapping: 0.094600 ms MarkObjects: 1.529700 ms  DeleteObjects: 0.050300 ms)

========================================================================
Received Prepare
Registering precompiled user dll's ...
Registered in 0.000678 seconds.
Begin MonoManager ReloadAssembly
Native extension for WindowsStandalone target not found
Native extension for WebGL target not found
Refreshing native plugins compatible for Editor in 0.25 ms, found 0 plugins.
Preloading 0 native plugins for Editor in 0.00 ms.
Invoked RoslynAnalysisRunner static constructor.
RoslynAnalysisRunner will not be running.
RoslynAnalysisRunner has terminated.
Mono: successfully reloaded assembly
- Completed reload, in  0.933 seconds
Platform modules already initialized, skipping
Refreshing native plugins compatible for Editor in 0.22 ms, found 0 plugins.
Preloading 0 native plugins for Editor in 0.00 ms.
Unloading 1212 Unused Serialized files (Serialized files now loaded: 0)
System memory in use before: 66.9 MB.
System memory in use after: 67.0 MB.

Unloading 5 unused Assets to reduce memory usage. Loaded Objects now: 1757.
Total: 1.954600 ms (FindLiveObjects: 0.150900 ms CreateObjectMapping: 0.082400 ms MarkObjects: 1.659600 ms  DeleteObjects: 0.060400 ms)

========================================================================
Received Prepare
Registering precompiled user dll's ...
Registered in 0.000677 seconds.
Begin MonoManager ReloadAssembly
Native extension for WindowsStandalone target not found
Native extension for WebGL target not found
Refreshing native plugins compatible for Editor in 0.21 ms, found 0 plugins.
Preloading 0 native plugins for Editor in 0.00 ms.
Invoked RoslynAnalysisRunner static constructor.
RoslynAnalysisRunner will not be running.
RoslynAnalysisRunner has terminated.
Mono: successfully reloaded assembly
- Completed reload, in  0.892 seconds
Platform modules already initialized, skipping
Refreshing native plugins compatible for Editor in 0.22 ms, found 0 plugins.
Preloading 0 native plugins for Editor in 0.00 ms.
Unloading 1212 Unused Serialized files (Serialized files now loaded: 0)
System memory in use before: 66.9 MB.
System memory in use after: 67.0 MB.

Unloading 5 unused Assets to reduce memory usage. Loaded Objects now: 1760.
Total: 3.523800 ms (FindLiveObjects: 0.575900 ms CreateObjectMapping: 0.153900 ms MarkObjects: 2.681000 ms  DeleteObjects: 0.108600 ms)

========================================================================
Received Prepare
Refreshing native plugins compatible for Editor in 1.01 ms, found 0 plugins.
Preloading 0 native plugins for Editor in 0.00 ms.
Unloading 3 Unused Serialized files (Serialized files now loaded: 0)
System memory in use before: 42.9 MB.
System memory in use after: 43.0 MB.

Unloading 3 unused Assets to reduce memory usage. Loaded Objects now: 1760.
Total: 2.725900 ms (FindLiveObjects: 0.234700 ms CreateObjectMapping: 0.060400 ms MarkObjects: 2.366800 ms  DeleteObjects: 0.062800 ms)

AssetImportWorkerClient::OnTransportError - code=2 error=End of file
